TN:
SF:src\monads\option.ts
FN:12,(anonymous_0)
FN:14,(anonymous_1)
FN:17,(anonymous_2)
FN:20,(anonymous_3)
FN:23,(anonymous_4)
FN:28,(anonymous_5)
FN:28,(anonymous_6)
FN:31,(anonymous_7)
FN:31,(anonymous_8)
FN:34,(anonymous_9)
FN:34,(anonymous_10)
FNF:11
FNH:11
FNDA:11,(anonymous_0)
FNDA:7,(anonymous_1)
FNDA:25,(anonymous_2)
FNDA:2,(anonymous_3)
FNDA:2,(anonymous_4)
FNDA:2,(anonymous_5)
FNDA:2,(anonymous_6)
FNDA:5,(anonymous_7)
FNDA:5,(anonymous_8)
FNDA:4,(anonymous_9)
FNDA:4,(anonymous_10)
DA:12,11
DA:13,1
DA:14,7
DA:17,25
DA:20,2
DA:23,2
DA:28,2
DA:31,5
DA:34,4
LF:9
LH:9
BRDA:14,0,0,4
BRDA:14,0,1,3
BRDA:14,1,0,7
BRDA:14,1,1,5
BRDA:20,2,0,1
BRDA:20,2,1,1
BRDA:23,3,0,2
BRDA:23,3,1,1
BRDA:28,4,0,1
BRDA:28,4,1,1
BRDA:31,5,0,3
BRDA:31,5,1,2
BRDA:34,6,0,1
BRDA:34,6,1,3
BRF:14
BRH:14
end_of_record
