TN:
SF:src\monads\option.ts
FN:13,(anonymous_0)
FN:15,(anonymous_1)
FN:18,(anonymous_2)
FN:21,(anonymous_3)
FN:24,(anonymous_4)
FN:29,(anonymous_5)
FN:29,(anonymous_6)
FN:32,(anonymous_7)
FN:32,(anonymous_8)
FN:35,(anonymous_9)
FN:35,(anonymous_10)
FNF:11
FNH:11
FNDA:9,(anonymous_0)
FNDA:5,(anonymous_1)
FNDA:21,(anonymous_2)
FNDA:2,(anonymous_3)
FNDA:2,(anonymous_4)
FNDA:2,(anonymous_5)
FNDA:2,(anonymous_6)
FNDA:3,(anonymous_7)
FNDA:3,(anonymous_8)
FNDA:2,(anonymous_9)
FNDA:2,(anonymous_10)
DA:13,9
DA:14,1
DA:15,5
DA:18,21
DA:21,2
DA:24,2
DA:29,2
DA:32,3
DA:35,2
LF:9
LH:9
BRDA:15,0,0,2
BRDA:15,0,1,3
BRDA:15,1,0,5
BRDA:15,1,1,4
BRDA:21,2,0,1
BRDA:21,2,1,1
BRDA:24,3,0,2
BRDA:24,3,1,1
BRDA:29,4,0,1
BRDA:29,4,1,1
BRDA:32,5,0,1
BRDA:32,5,1,2
BRDA:35,6,0,1
BRDA:35,6,1,1
BRF:14
BRH:14
end_of_record
